<?xml version="1.0" encoding="UTF-8"?>
<!-- Generated by org.testng.reporters.JUnitXMLReporter -->
<testsuite hostname="INNO2-5095" name="Test" tests="9" failures="0" timestamp="26 Apr 2020 05:50:24 GMT" time="19.184" errors="0">
  <testcase name="@BeforeMethod Beforet" time="0.0" classname="com.qa.testcases.LoginTC">
    <failure type="org.openqa.selenium.WebDriverException" message="chrome not reachable
  (Session info: chrome=81.0.4044.122)
Build info: version: &amp;apos;3.7.0&amp;apos;, revision: &amp;apos;2321c73&amp;apos;, time: &amp;apos;2017-11-02T22:22:35.584Z&amp;apos;
System info: host: &amp;apos;INNO2-5095&amp;apos;, ip: &amp;apos;192.168.0.106&amp;apos;, os.name: &amp;apos;Windows 10&amp;apos;, os.arch: &amp;apos;amd64&amp;apos;, os.version: &amp;apos;10.0&amp;apos;, java.version: &amp;apos;1.8.0_101&amp;apos;
Driver info: org.openqa.selenium.chrome.ChromeDriver
Capabilities {acceptInsecureCerts: false, browserName: chrome, browserVersion: 81.0.4044.122, chrome: {chromedriverVersion: 80.0.3987.16 (320f6526c1632..., userDataDir: C:\Users\G516741\AppData\Lo...}, goog:chromeOptions: {debuggerAddress: localhost:56932}, javascriptEnabled: true, networkConnectionEnabled: false, pageLoadStrategy: normal, platform: WINDOWS, platformName: WINDOWS, proxy: Proxy(), setWindowRect: true, strictFileInteractability: false, timeouts: {implicit: 0, pageLoad: 300000, script: 30000}, unhandledPromptBehavior: dismiss and notify}
Session ID: 4c89c34eb8a725efa17a4a4cb4056dcc">
      <![CDATA[org.openqa.selenium.WebDriverException: chrome not reachable
  (Session info: chrome=81.0.4044.122)
Build info: version: '3.7.0', revision: '2321c73', time: '2017-11-02T22:22:35.584Z'
System info: host: 'INNO2-5095', ip: '192.168.0.106', os.name: 'Windows 10', os.arch: 'amd64', os.version: '10.0', java.version: '1.8.0_101'
Driver info: org.openqa.selenium.chrome.ChromeDriver
Capabilities {acceptInsecureCerts: false, browserName: chrome, browserVersion: 81.0.4044.122, chrome: {chromedriverVersion: 80.0.3987.16 (320f6526c1632..., userDataDir: C:\Users\G516741\AppData\Lo...}, goog:chromeOptions: {debuggerAddress: localhost:56932}, javascriptEnabled: true, networkConnectionEnabled: false, pageLoadStrategy: normal, platform: WINDOWS, platformName: WINDOWS, proxy: Proxy(), setWindowRect: true, strictFileInteractability: false, timeouts: {implicit: 0, pageLoad: 300000, script: 30000}, unhandledPromptBehavior: dismiss and notify}
Session ID: 4c89c34eb8a725efa17a4a4cb4056dcc
	at org.openqa.selenium.remote.http.W3CHttpResponseCodec.createException(W3CHttpResponseCodec.java:187)
	at org.openqa.selenium.remote.http.W3CHttpResponseCodec.decode(W3CHttpResponseCodec.java:122)
	at org.openqa.selenium.remote.http.W3CHttpResponseCodec.decode(W3CHttpResponseCodec.java:49)
	at org.openqa.selenium.remote.HttpCommandExecutor.execute(HttpCommandExecutor.java:164)
	at org.openqa.selenium.remote.service.DriverCommandExecutor.execute(DriverCommandExecutor.java:83)
	at org.openqa.selenium.remote.RemoteWebDriver.execute(RemoteWebDriver.java:600)
	at org.openqa.selenium.remote.RemoteWebDriver.execute(RemoteWebDriver.java:657)
	at org.openqa.selenium.remote.RemoteWebDriver$RemoteWebDriverOptions.deleteAllCookies(RemoteWebDriver.java:742)
	at com.qa.base.Testbase.initializebrowser(Testbase.java:97)
	at com.qa.testcases.LoginTC.Beforet(LoginTC.java:32)
... Removed 34 stack frames]]>
    </failure>
  </testcase> <!-- @BeforeMethod Beforet -->
  <testcase name="@AfterMethod Aftertest" time="0.0" classname="com.qa.testcases.LoginTC">
    <skipped/>
  </testcase> <!-- @AfterMethod Aftertest -->
  <testcase name="@AfterClass Teardown" time="0.0" classname="com.qa.testcases.LoginTC">
    <skipped/>
  </testcase> <!-- @AfterClass Teardown -->
  <testcase name="@BeforeMethod Beforetest" time="0.0" classname="com.qa.testcases.HomepageTC">
    <skipped/>
  </testcase> <!-- @BeforeMethod Beforetest -->
  <testcase name="@AfterMethod Aftertest" time="0.0" classname="com.qa.testcases.HomepageTC">
    <skipped/>
  </testcase> <!-- @AfterMethod Aftertest -->
  <testcase name="@BeforeMethod Beforetest" time="0.0" classname="com.qa.testcases.HomepageTC">
    <skipped/>
  </testcase> <!-- @BeforeMethod Beforetest -->
  <testcase name="@AfterMethod Aftertest" time="0.0" classname="com.qa.testcases.HomepageTC">
    <skipped/>
  </testcase> <!-- @AfterMethod Aftertest -->
  <testcase name="@AfterClass Teardown" time="0.0" classname="com.qa.testcases.HomepageTC">
    <skipped/>
  </testcase> <!-- @AfterClass Teardown -->
  <testcase name="@BeforeMethod Beforet" time="0.0" classname="com.qa.testcases.CreatecontactTC">
    <skipped/>
  </testcase> <!-- @BeforeMethod Beforet -->
  <testcase name="@AfterMethod Aftertest" time="0.0" classname="com.qa.testcases.CreatecontactTC">
    <skipped/>
  </testcase> <!-- @AfterMethod Aftertest -->
  <testcase name="@BeforeMethod Beforet" time="0.0" classname="com.qa.testcases.CreatecontactTC">
    <skipped/>
  </testcase> <!-- @BeforeMethod Beforet -->
  <testcase name="@AfterMethod Aftertest" time="0.0" classname="com.qa.testcases.CreatecontactTC">
    <skipped/>
  </testcase> <!-- @AfterMethod Aftertest -->
  <testcase name="@BeforeMethod Beforet" time="0.0" classname="com.qa.testcases.CreatecontactTC">
    <skipped/>
  </testcase> <!-- @BeforeMethod Beforet -->
  <testcase name="@AfterMethod Aftertest" time="0.0" classname="com.qa.testcases.CreatecontactTC">
    <skipped/>
  </testcase> <!-- @AfterMethod Aftertest -->
  <testcase name="@BeforeMethod Beforet" time="0.0" classname="com.qa.testcases.CreatecontactTC">
    <skipped/>
  </testcase> <!-- @BeforeMethod Beforet -->
  <testcase name="@AfterMethod Aftertest" time="0.0" classname="com.qa.testcases.CreatecontactTC">
    <skipped/>
  </testcase> <!-- @AfterMethod Aftertest -->
  <testcase name="@BeforeMethod Beforet" time="0.0" classname="com.qa.testcases.CreatecontactTC">
    <skipped/>
  </testcase> <!-- @BeforeMethod Beforet -->
  <testcase name="@AfterMethod Aftertest" time="0.0" classname="com.qa.testcases.CreatecontactTC">
    <skipped/>
  </testcase> <!-- @AfterMethod Aftertest -->
  <testcase name="@BeforeMethod Beforet" time="0.0" classname="com.qa.testcases.CreatecontactTC">
    <skipped/>
  </testcase> <!-- @BeforeMethod Beforet -->
  <testcase name="@AfterMethod Aftertest" time="0.0" classname="com.qa.testcases.CreatecontactTC">
    <skipped/>
  </testcase> <!-- @AfterMethod Aftertest -->
  <testcase name="@AfterClass Teardown" time="0.0" classname="com.qa.testcases.CreatecontactTC">
    <skipped/>
  </testcase> <!-- @AfterClass Teardown -->
  <testcase name="logintest" time="0.003" classname="com.qa.testcases.LoginTC">
    <skipped/>
  </testcase> <!-- logintest -->
  <testcase name="Verifuser" time="0.003" classname="com.qa.testcases.HomepageTC">
    <skipped/>
  </testcase> <!-- Verifuser -->
  <testcase name="Veriflogin" time="0.002" classname="com.qa.testcases.HomepageTC">
    <skipped/>
  </testcase> <!-- Veriflogin -->
  <testcase name="Verifycontactonformation" time="0.002" classname="com.qa.testcases.CreatecontactTC">
    <skipped/>
  </testcase> <!-- Verifycontactonformation -->
  <testcase name="VerifyLoadbutton" time="0.001" classname="com.qa.testcases.CreatecontactTC">
    <skipped/>
  </testcase> <!-- VerifyLoadbutton -->
  <testcase name="createconctactssss" time="0.004" classname="com.qa.testcases.CreatecontactTC">
    <skipped/>
  </testcase> <!-- createconctactssss -->
  <testcase name="createconctactssss" time="0.003" classname="com.qa.testcases.CreatecontactTC">
    <skipped/>
  </testcase> <!-- createconctactssss -->
  <testcase name="createconctactssss" time="0.003" classname="com.qa.testcases.CreatecontactTC">
    <skipped/>
  </testcase> <!-- createconctactssss -->
  <testcase name="createconctactssss" time="0.002" classname="com.qa.testcases.CreatecontactTC">
    <skipped/>
  </testcase> <!-- createconctactssss -->
</testsuite> <!-- Test -->
